message: Invalid token. code: 1006, at 2024-10-23 18:02:28.4575349 +0530 IST m=+180.721387901
message: Token formate is incorrect. code: 1009, at 2024-10-23 18:05:04.2905228 +0530 IST m=+15.425219501
message: Token formate is incorrect. code: 1009, at 2024-10-23 18:06:08.1568057 +0530 IST m=+4.989183101
message: Invalid token.crypto/rsa: verification error code: 1006, at 2024-10-23 18:06:46.5034744 +0530 IST m=+43.335851801
message: User fetched successfully. code: 0, at 2024-10-23 18:07:48.6505654 +0530 IST m=+105.482942801
message: User authorization successfully. code: 0, at 2024-10-23 18:08:04.7318762 +0530 IST m=+121.564253601
message: User authorization successfully. code: 0, at 2024-10-23 18:08:16.4309788 +0530 IST m=+133.263356201
message: User authorization successfully. code: 0, at 2024-10-23 18:09:01.7965008 +0530 IST m=+178.628878201
message: User authorization successfully. code: 0, at 2024-10-23 18:09:43.3806692 +0530 IST m=+220.213046601
message: User authorization successfully. code: 0, at 2024-10-23 18:11:53.2334993 +0530 IST m=+9.570673101
message: User authorization successfully. code: 0, at 2024-10-23 18:11:55.151978 +0530 IST m=+11.489151801
message: User authorization successfully. code: 0, at 2024-10-23 18:11:56.0382409 +0530 IST m=+12.375414701
message: User authorization successfully. code: 0, at 2024-10-23 18:11:56.9711619 +0530 IST m=+13.308335701
message: Invalid token.unable to fetch public key: redis: nil code: 1006, at 2024-10-23 18:13:04.0774978 +0530 IST m=+9.022724101
message: User authorization successfully. code: 0, at 2024-10-23 18:13:19.0638961 +0530 IST m=+24.009122401
message: User authorization successfully. code: 0, at 2024-10-23 18:16:12.4072892 +0530 IST m=+197.352515501
message: User authorization successfully. code: 0, at 2024-10-23 18:16:16.7207049 +0530 IST m=+201.665931201
message: Invalid token.crypto/rsa: verification error code: 1006, at 2024-10-23 18:17:55.6978044 +0530 IST m=+300.643030701
message: Invalid token.unable to fetch public key: redis: nil code: 1006, at 2024-10-23 18:19:23.2981723 +0530 IST m=+388.243398601
message: Invalid token.unable to fetch public key: redis: nil code: 1006, at 2024-10-23 18:21:15.7935834 +0530 IST m=+500.738809701
message: Token formate is incorrect. code: 1009, at 2024-10-23 20:25:26.4801615 +0530 IST m=+37.539365801
message: Error occurred while login.record not found code: 1003, at 2024-10-23 20:50:39.2919884 +0530 IST m=+17.016738501
message: Token formate is incorrect. code: 1009, at 2024-10-23 21:15:47.4809695 +0530 IST m=+1525.205719601
message: User authorization successfully. code: 0, at 2024-10-23 21:16:04.8154293 +0530 IST m=+1542.540179401
message: User authorization successfully. code: 0, at 2024-10-23 21:18:52.1983363 +0530 IST m=+47.867506901
message: Token formate is incorrect. code: 1009, at 2024-10-23 21:19:13.0936275 +0530 IST m=+68.762798101
message: User list fetched successfully. code: 2003, at 2024-10-23 21:25:26.1149346 +0530 IST m=+68.982756801
message: User authorization successfully. code: 0, at 2024-10-23 21:28:51.4607159 +0530 IST m=+9.693967601
message: Invalid token.unable to fetch public key: redis: nil code: 1006, at 2024-10-23 21:35:28.7488747 +0530 IST m=+406.982126401
message: Invalid token.unable to fetch public key: redis: nil code: 1006, at 2024-10-23 21:35:33.363927 +0530 IST m=+411.597178701
message: User authorization successfully. code: 0, at 2024-10-23 21:37:19.4490707 +0530 IST m=+20.398495301
message: User authorization successfully. code: 0, at 2024-10-23 21:37:43.5709626 +0530 IST m=+44.520387201
message: User authorization successfully. code: 0, at 2024-10-23 21:38:09.4361086 +0530 IST m=+70.385533201
