message: Invalid token. code: 1006, at 2024-10-23 17:34:39.6766604 +0530 IST m=+61.882962801
message: No file was provided in the request. Please upload a file.request Content-Type isn't multipart/form-data code: 1000, at 2024-10-23 17:34:39.6984201 +0530 IST m=+61.904722501
message: Authorization token header is empty. code: 1005, at 2024-10-23 17:37:17.7143712 +0530 IST m=+12.083792001
message: No file was provided in the request. Please upload a file.request Content-Type isn't multipart/form-data code: 1000, at 2024-10-23 17:37:17.7242227 +0530 IST m=+12.093643501
message: Authorization token header is empty. code: 1005, at 2024-10-23 17:38:52.7279576 +0530 IST m=+7.030317901
message: No file was provided in the request. Please upload a file.request Content-Type isn't multipart/form-data code: 1000, at 2024-10-23 17:38:52.7369111 +0530 IST m=+7.039271401
message: Authorization token header is empty. code: 1005, at 2024-10-23 17:39:49.9844189 +0530 IST m=+64.286779201
message: Save customers successfully. code: 0, at 2024-10-23 17:39:50.5674483 +0530 IST m=+64.869808601
message: Authorization token header is empty. code: 1005, at 2024-10-23 17:44:30.6123449 +0530 IST m=+10.031084501
message: Authorization token header is empty. code: 1005, at 2024-10-23 17:44:35.7485686 +0530 IST m=+15.167308201
message: Authorization token header is empty. code: 1005, at 2024-10-23 17:44:36.742707 +0530 IST m=+16.161446601
message: Authorization token header is empty. code: 1005, at 2024-10-23 17:44:48.8651553 +0530 IST m=+28.283894901
message: Authorization token header is empty. code: 1005, at 2024-10-23 17:52:09.3474382 +0530 IST m=+5.189724501
message: Authorization token header is empty. code: 1005, at 2024-10-23 17:52:11.0294893 +0530 IST m=+6.871775601
message: Authorization token header is empty. code: 1005, at 2024-10-23 17:52:47.0367111 +0530 IST m=+4.243933401
message: Authorization token header is empty. code: 1005, at 2024-10-23 17:54:51.0639263 +0530 IST m=+128.271148601
message: Authorization token header is empty. code: 1005, at 2024-10-23 17:54:59.8804765 +0530 IST m=+137.087698801
message: Invalid token. code: 1002, at 2024-10-23 17:55:08.7180599 +0530 IST m=+145.925282201
message: Invalid token. code: 1002, at 2024-10-23 17:57:41.1900925 +0530 IST m=+298.397314801
message: Invalid token. code: 1002, at 2024-10-23 17:59:42.3555291 +0530 IST m=+7.988574501
message: Invalid token. code: 1002, at 2024-10-23 18:00:05.9532701 +0530 IST m=+31.586315501
message: Invalid token. code: 1002, at 2024-10-23 18:01:33.6336361 +0530 IST m=+119.266681501
message: Invalid token. code: 1002, at 2024-10-23 18:02:28.4575349 +0530 IST m=+174.090580301
message: Invalid token. code: 1002, at 2024-10-23 18:05:04.2910287 +0530 IST m=+21.311583801
message: Invalid token. code: 1002, at 2024-10-23 18:06:08.157308 +0530 IST m=+85.177863101
message: Invalid token. code: 1002, at 2024-10-23 18:06:46.5036772 +0530 IST m=+8.906841101
message: Customers fetched successfully. code: 0, at 2024-10-23 18:08:04.7870901 +0530 IST m=+87.190254001
message: Customers fetched successfully. code: 0, at 2024-10-23 18:08:16.4560501 +0530 IST m=+98.859214001
message: Authorization token header is empty. code: 1005, at 2024-10-23 18:08:41.5295794 +0530 IST m=+123.932743301
message: Customer deleted successfully. code: 0, at 2024-10-23 18:09:01.8108276 +0530 IST m=+144.213991501
message: Error occurred while fetching customers.record not found code: 2002, at 2024-10-23 18:09:43.3857961 +0530 IST m=+185.788960001
message: Error occurred while fetching customers.record not found code: 2002, at 2024-10-23 18:11:53.2377454 +0530 IST m=+18.785536301
message: Error occurred while fetching customers.record not found code: 2002, at 2024-10-23 18:11:55.1561226 +0530 IST m=+20.703913501
message: Error occurred while fetching customers.record not found code: 2002, at 2024-10-23 18:11:56.042679 +0530 IST m=+21.590469901
message: Error occurred while fetching customers.record not found code: 2002, at 2024-10-23 18:11:56.9757085 +0530 IST m=+22.523499401
message: Invalid token. code: 1002, at 2024-10-23 18:13:04.0790155 +0530 IST m=+4.278634401
message: Error occurred while fetching customers.record not found code: 2002, at 2024-10-23 18:13:19.0676777 +0530 IST m=+19.267296601
message: Error occurred while fetching customers.record not found code: 2002, at 2024-10-23 18:16:12.4148637 +0530 IST m=+192.614482601
message: Customer deleted successfully. code: 0, at 2024-10-23 18:16:16.7352418 +0530 IST m=+196.934860701
message: Invalid token. code: 1002, at 2024-10-23 18:17:55.6978044 +0530 IST m=+295.897423301
message: Invalid token. code: 1002, at 2024-10-23 18:19:23.2981723 +0530 IST m=+383.497791201
message: Invalid token.Token is expired. code: 1003, at 2024-10-23 18:21:15.7935834 +0530 IST m=+5.905146101
message: Authorization token header missing. code: 1005, at 2024-10-23 20:45:38.061225 +0530 IST m=+17.019522801
message: Authorization token header missing. code: 1005, at 2024-10-23 20:46:58.4695428 +0530 IST m=+97.427840601
message: Invalid token.Get "http://localhost:3008/authorize": dial tcp [::1]:3008: connectex: No connection could be made because the target machine actively refused it. code: 1002, at 2024-10-23 21:28:20.7039853 +0530 IST m=+26.576071601
message: Customers fetched successfully. code: 0, at 2024-10-23 21:28:51.5596241 +0530 IST m=+57.431710401
message: Invalid token.Token is expired. code: 1003, at 2024-10-23 21:35:28.7498884 +0530 IST m=+30.815034201
message: Invalid token.Token is expired. code: 1003, at 2024-10-23 21:35:33.3642819 +0530 IST m=+35.429427701
message: Authorization token header missing. code: 1005, at 2024-10-23 21:36:16.059952 +0530 IST m=+78.125097801
message: Invalid token.Get "http://localhost:3008/authorize": dial tcp [::1]:3008: connectex: No connection could be made because the target machine actively refused it. code: 1002, at 2024-10-23 21:36:27.716957 +0530 IST m=+89.782102801
message: Error occurred while fetching customers.record not found code: 2002, at 2024-10-23 21:37:19.4579651 +0530 IST m=+141.523110901
message: Customers fetched successfully. code: 0, at 2024-10-23 21:37:43.5817788 +0530 IST m=+165.646924601
message: Customers fetched successfully. code: 0, at 2024-10-23 21:38:09.4495116 +0530 IST m=+191.514657401
