message: Error occurred while creating user.Error 1406 (22001): Data too long for column 'password' at row 1 code: 2000, at 2024-10-22 00:50:15.0587054 +0530 IST m=+264.616410501
message: User creation successfully. code: 0, at 2024-10-22 00:52:24.6203604 +0530 IST m=+5.038778701
message: User creation successfully. code: 0, at 2024-10-22 00:52:34.1768574 +0530 IST m=+14.595275701
message: User creation successfully. code: 0, at 2024-10-22 00:52:35.5147905 +0530 IST m=+15.933208801
message: User creation successfully. code: 0, at 2024-10-22 00:53:59.2969755 +0530 IST m=+6.539926501
message: User creation successfully. code: 0, at 2024-10-22 00:56:34.3286331 +0530 IST m=+18.679079901
message: Error occurred while creating user.Error 1062 (23000): Duplicate entry 'vikas@gmail.com' for key 'users.uni_users_email' code: 2000, at 2024-10-22 00:56:37.381101 +0530 IST m=+21.731547801
message: Error occurred while creating user.Error 1062 (23000): Duplicate entry 'vikas@gmail.com' for key 'users.uni_users_email' code: 2000, at 2024-10-22 01:23:59.1933925 +0530 IST m=+8.998863901
message: Error occurred while creating user.Error 1062 (23000): Duplicate entry '2335465476' for key 'users.uni_users_mobile' code: 2000, at 2024-10-22 01:24:11.4272115 +0530 IST m=+21.232682901
message: User creation successfully. code: 0, at 2024-10-22 01:24:18.2714715 +0530 IST m=+28.076942901
message: Error occurred while creating user.Error 1062 (23000): Duplicate entry 'vikas+1@gmail.com' for key 'users.uni_users_email' code: 2000, at 2024-10-22 01:24:49.4673909 +0530 IST m=+59.272862301
message: User list fetched successfully. code: 2003, at 2024-10-22 01:25:42.6236133 +0530 IST m=+112.429084701
message: User fetched successfully. code: 0, at 2024-10-22 01:33:35.4176468 +0530 IST m=+5.040464301
message: User fetched successfully. code: 0, at 2024-10-22 01:33:46.5785359 +0530 IST m=+16.201353401
message: Error occurred while fetching user by email.record not found code: 2004, at 2024-10-22 01:40:46.0966142 +0530 IST m=+12.471046001
message: User fetched successfully. code: 0, at 2024-10-22 01:42:36.5664465 +0530 IST m=+6.866854601
message: Error occurred while login.record not found code: 1003, at 2024-10-22 02:35:10.4816061 +0530 IST m=+225.238887201
message: Error occurred while login.record not found code: 1003, at 2024-10-22 02:35:22.4050123 +0530 IST m=+237.162293401
message: Login password is invalid.crypto/bcrypt: hashedPassword is not the hash of the given password code: 1004, at 2024-10-22 02:35:32.9136641 +0530 IST m=+247.670945201
message: Invalid token.token contains an invalid number of segments code: 1006, at 2024-10-22 03:18:12.9904171 +0530 IST m=+19.094354101
message: Invalid token. code: 1006, at 2024-10-22 03:24:27.2991471 +0530 IST m=+17.904658201
message: User fetched successfully. code: 0, at 2024-10-22 03:24:40.565451 +0530 IST m=+31.170962101
message: Invalid token.Token is expired code: 1006, at 2024-10-22 03:25:34.0813057 +0530 IST m=+84.686816801
message: User fetched successfully. code: 0, at 2024-10-22 03:25:41.5003172 +0530 IST m=+92.105828301
message: Invalid token. code: 1006, at 2024-10-22 03:25:52.2472062 +0530 IST m=+102.852717301
message: User list fetched successfully. code: 2003, at 2024-10-22 03:25:59.2824566 +0530 IST m=+109.887967701
message: User fetched successfully. code: 0, at 2024-10-22 12:29:15.1673934 +0530 IST m=+54.465799301
message: Invalid token.signature is invalid code: 1006, at 2024-10-22 12:30:16.4289766 +0530 IST m=+10.787459601
message: Invalid token.signature is invalid code: 1006, at 2024-10-22 12:30:21.6269865 +0530 IST m=+15.985469501
message: Invalid token.signature is invalid code: 1006, at 2024-10-22 12:30:22.6663825 +0530 IST m=+17.024865501
message: Invalid token.signature is invalid code: 1006, at 2024-10-22 13:06:38.0881868 +0530 IST m=+14.501711201
message: Invalid token.signature is invalid code: 1006, at 2024-10-22 13:08:24.9710945 +0530 IST m=+13.266963801
message: Invalid token.signature is invalid code: 1006, at 2024-10-22 15:26:09.2599911 +0530 IST m=+63.710434501
message: User fetched successfully. code: 0, at 2024-10-22 15:27:23.5058553 +0530 IST m=+26.597231301
message: User list fetched successfully. code: 2003, at 2024-10-22 15:27:52.6514717 +0530 IST m=+55.742847701
message: User fetched successfully. code: 0, at 2024-10-22 15:27:55.9722052 +0530 IST m=+59.063581201
message: User list fetched successfully. code: 2003, at 2024-10-22 15:27:59.8695329 +0530 IST m=+62.960908901
message: Invalid token.signature is invalid code: 1006, at 2024-10-22 15:28:47.4344839 +0530 IST m=+110.525859901
message: Invalid token.Token is expired code: 1006, at 2024-10-22 15:28:52.977329 +0530 IST m=+116.068705001
message: Invalid token.Token is expired code: 1006, at 2024-10-22 15:28:55.2782601 +0530 IST m=+118.369636101
message: Invalid token.Token is expired code: 1006, at 2024-10-22 15:29:00.3395395 +0530 IST m=+123.430915501
message: User list fetched successfully. code: 2003, at 2024-10-22 15:30:05.8042107 +0530 IST m=+35.051540501
message: User fetched successfully. code: 0, at 2024-10-22 16:14:36.4125347 +0530 IST m=+18.715185801
message: Invalid token.Token is expired code: 1006, at 2024-10-22 16:23:23.0738084 +0530 IST m=+403.221699101
message: Invalid token.Token is expired code: 1006, at 2024-10-22 16:47:56.0990054 +0530 IST m=+16.815915201
message: User fetched successfully. code: 0, at 2024-10-22 16:48:13.1910244 +0530 IST m=+33.907934201
message: Error while decoding token:token is malformed: token contains an invalid number of segments code: 1008, at 2024-10-22 16:48:38.2540429 +0530 IST m=+58.970952701
message: User fetched successfully. code: 0, at 2024-10-22 16:48:43.4325865 +0530 IST m=+64.149496301
message: User fetched successfully. code: 0, at 2024-10-22 16:58:10.8981313 +0530 IST m=+6.978372201
message: Invalid token.signature is invalid code: 1006, at 2024-10-22 17:14:50.6789863 +0530 IST m=+47.658877901
message: Invalid token.signature is invalid code: 1006, at 2024-10-22 17:34:09.1574138 +0530 IST m=+15.335076201
message: Invalid token.signature is invalid code: 1006, at 2024-10-22 17:35:07.4413438 +0530 IST m=+9.781064901
message: Invalid token.signature is invalid code: 1006, at 2024-10-22 17:40:04.381369 +0530 IST m=+10.616076901
message: Invalid token.signature is invalid code: 1006, at 2024-10-22 17:40:06.5771388 +0530 IST m=+12.811846701
message: Invalid token.signature is invalid code: 1006, at 2024-10-22 17:41:54.2387298 +0530 IST m=+120.473437701
message: Invalid token.key is of invalid type code: 1006, at 2024-10-22 17:48:00.5573591 +0530 IST m=+11.165919901
message: Invalid token.signature is invalid code: 1006, at 2024-10-22 17:53:44.1093342 +0530 IST m=+9.651272001
message: Invalid token.signature is invalid code: 1006, at 2024-10-22 18:00:28.2303822 +0530 IST m=+8.547119701
message: Invalid token.unexpected signing method: HS256 code: 1006, at 2024-10-22 18:08:32.1041348 +0530 IST m=+6.291731201
message: Failed to generate token.key is invalid code: 1005, at 2024-10-22 18:08:35.5739988 +0530 IST m=+9.761595201
message: Failed to generate token.key is invalid code: 1005, at 2024-10-22 18:08:55.3078851 +0530 IST m=+29.495481501
message: Failed to generate token.math/big: cannot unmarshal "\"5lnXMpmTm9UyZ84M-HRABPm-ryhemyhzTf7oZCx0yL-ql-Tcwm4Van7DuxWrqgOM7hD_cjOKSZfiJQfLW_4FuD3QL3kr5ggKgweVB_n-aHXpjV-vBK-LEYWvr-3o1ttpBltYR-pyeTEq_H1JyaKCkPZRPsurE0TuSEpuyPly5pu0JY1oIKJiRKtm-2iNVWWogzW_87DfAMUcZBXaVEEJZGZ-Zq_GMu8mW17dJsgvKOUHgLq0V96JMv4nZK-m921JSI-yXmOcLv8uBwVffPcW_pE5o_NTnSYEDO7ummbcATkGoAf5HIjXlvgAZjG4xHXr5pH0iT7Kj8Axu-RgDuEb6Q\"" into a *big.Int code: 1005, at 2024-10-22 18:14:16.5208646 +0530 IST m=+8.170913701
message: User fetched successfully. code: 0, at 2024-10-22 18:19:19.1213006 +0530 IST m=+17.285853101
message: Invalid token.failed to parse public key code: 1006, at 2024-10-22 18:19:27.4580048 +0530 IST m=+25.622557301
message: User list fetched successfully. code: 2003, at 2024-10-22 18:19:34.9204422 +0530 IST m=+33.084994701
message: User fetched successfully. code: 0, at 2024-10-22 18:19:49.8141102 +0530 IST m=+47.978662701
message: User fetched successfully. code: 0, at 2024-10-22 18:21:08.0518521 +0530 IST m=+15.735010001
message: User fetched successfully. code: 0, at 2024-10-22 18:21:10.0898088 +0530 IST m=+17.772966701
message: User fetched successfully. code: 0, at 2024-10-22 18:21:14.9655682 +0530 IST m=+22.648726101
message: User fetched successfully. code: 0, at 2024-10-22 18:22:44.0763283 +0530 IST m=+111.759486201
message: User list fetched successfully. code: 2003, at 2024-10-22 18:22:48.9217055 +0530 IST m=+116.604863401
message: User fetched successfully. code: 0, at 2024-10-22 18:24:34.4842998 +0530 IST m=+12.582355601
message: Invalid token.failed to parse public key code: 1006, at 2024-10-22 18:24:44.4368161 +0530 IST m=+22.534871901
message: User fetched successfully. code: 0, at 2024-10-22 18:24:54.5760533 +0530 IST m=+32.674109101
