message: Error occurred while saving customer.Error 1040: Too many connections code: 2000, at 2024-10-17 11:06:37.4983155 +0530 IST m=+199.339982301
message: Save customers successfully. code: 0, at 2024-10-17 11:07:04.873323 +0530 IST m=+10.116724201
message: Save customers successfully. code: 0, at 2024-10-17 11:07:10.1609294 +0530 IST m=+15.404330601
message: Save customers successfully. code: 0, at 2024-10-17 11:07:13.0794467 +0530 IST m=+18.322847901
message: Save customers successfully. code: 0, at 2024-10-17 11:07:15.9478769 +0530 IST m=+21.191278101
message: Save customers successfully. code: 0, at 2024-10-17 11:07:18.5969468 +0530 IST m=+23.840348001
message: Save customers successfully. code: 0, at 2024-10-17 11:07:21.176521 +0530 IST m=+26.419922201
message: Save customers successfully. code: 0, at 2024-10-17 11:07:25.7530679 +0530 IST m=+30.996469101
message: Save customers successfully. code: 0, at 2024-10-17 11:07:29.8352602 +0530 IST m=+35.078661401
message: Customer deleted successfully. code: 0, at 2024-10-17 11:18:56.631962 +0530 IST m=+23.819845001
message: Customer deleted successfully. code: 0, at 2024-10-17 11:20:49.7505182 +0530 IST m=+19.376535501
message: Error occurred while fetching customers.Error 1390 (HY000): Prepared statement contains too many placeholders code: 2002, at 2024-10-17 11:36:49.4275952 +0530 IST m=+27.113191001
message: Customers fetched successfully. code: 0, at 2024-10-17 11:39:34.2512168 +0530 IST m=+11.901649001
message: Customers fetched successfully. code: 0, at 2024-10-17 11:40:33.7894039 +0530 IST m=+71.439836101
message: Customers fetched successfully. code: 0, at 2024-10-17 11:40:38.1616258 +0530 IST m=+75.812058001
message: Save customers successfully. code: 0, at 2024-10-17 11:42:53.0474952 +0530 IST m=+12.628881401
message: Customers fetched successfully. code: 0, at 2024-10-17 11:43:19.1290214 +0530 IST m=+38.710407601
message: Customers fetched successfully. code: 0, at 2024-10-17 11:49:36.7373539 +0530 IST m=+17.022173901
message: Customers fetched successfully. code: 0, at 2024-10-17 11:51:22.4958319 +0530 IST m=+14.129064501

message: Customers fetched successfully. code: 0, at 2024-10-21 13:20:45.4430526 +0530 IST m=+58.883090501
message: Error occurred while fetching customers.record not found code: 2002, at 2024-10-21 13:24:43.4964812 +0530 IST m=+42.959015401
message: No file was provided in the request. Please upload a file.request Content-Type isn't multipart/form-data code: 1000, at 2024-10-21 13:26:36.5789418 +0530 IST m=+156.041476001
message: Save customers successfully. code: 0, at 2024-10-21 13:27:03.8351699 +0530 IST m=+183.297704101
message: Save customers successfully. code: 0, at 2024-10-21 13:28:40.68588 +0530 IST m=+34.045704501
message: Customers fetched successfully. code: 0, at 2024-10-21 13:29:22.9955343 +0530 IST m=+76.355358801
message: Error occurred while fetching customers.record not found code: 2002, at 2024-10-21 13:32:54.2966375 +0530 IST m=+78.454087101
message: Invalid customer data.parsing time "string" as "2006-01-02T15:04:05Z07:00": cannot parse "string" as "2006" code: 2004, at 2024-10-21 13:33:17.5107646 +0530 IST m=+101.668214201
message: Invalid customer data.parsing time "string" as "2006-01-02T15:04:05Z07:00": cannot parse "string" as "2006" code: 2004, at 2024-10-21 13:33:35.6960138 +0530 IST m=+119.853463401
message: Customer updated successfully. code: 0, at 2024-10-21 13:34:19.5445688 +0530 IST m=+163.702018401
message: Customer updated successfully. code: 0, at 2024-10-21 13:43:34.7836974 +0530 IST m=+30.477504501
message: Customer updated successfully. code: 0, at 2024-10-21 13:45:37.8735888 +0530 IST m=+28.398090701
